<?xml version="1.0" encoding="UTF-8" standalone="no"?>
<testsuite failures="0" name="cucumber.runtime.formatter.JUnitFormatter" skipped="0" tests="1" time="10.509265">
<testcase classname="Title of your feature" name="Test login with valid credentials" time="10.509265">
<system-out><![CDATA[Given Open Chrome...........................................................passed
And start application.......................................................passed
When I enter valid "vananthu" and valid "Vny@5145"..........................passed
Then user should be able to login successfully..............................passed
]]></system-out>
</testcase>
</testsuite>
