<?xml version="1.0" encoding="UTF-8" standalone="no"?>
<testsuite failures="0" name="cucumber.runtime.formatter.JUnitFormatter" skipped="0" tests="2" time="73.384783">
<testcase classname="Test add a listing process." name="Verify data entered during Listing creation is imported correctly into regular order." time="46.057287">
<system-out><![CDATA[Given I login to "Xadmin"...................................................passed
When I Start running test case "C2671"......................................passed
Then end of test............................................................passed
]]></system-out>
</testcase>
<testcase classname="Order Main Agent work flow  for Coldwell Bank Florida." name="Verify that if pdf download function is unchecked - it will not be available at the order complete page." time="27.327496">
<system-out><![CDATA[Given I impersonate "Agent" user "325DEMODEM"...............................passed
When I Start running test case "C701".......................................passed
Then end of test............................................................passed
]]></system-out>
</testcase>
</testsuite>
